c:\basis\app\acme\basis\in_file.obj
c:\basis\app\acme\basis\api.obj
c:\basis\app\acme\basis\ioapi.obj
c:\basis\app\acme\basis\gz.obj
c:\basis\app\acme\basis\archive.obj
c:\basis\app\acme\basis\debug.obj
c:\basis\app\acme\basis\installing.obj
c:\basis\app\acme\basis\memory.obj
c:\basis\app\acme\basis\resource.obj
c:\basis\app\acme\basis\wtf.obj
c:\basis\app\acme\basis\composite.obj
c:\basis\app\acme\basis\memory_file.obj
c:\basis\app\acme\basis\string_file.obj
c:\basis\app\acme\basis\_.obj
c:\basis\app\acme\basis\heap_bare.obj
c:\basis\app\acme\basis\condition.obj
c:\basis\app\acme\basis\semaphore.obj
c:\basis\app\acme\basis\sync_task.obj
c:\basis\app\acme\basis\datetime.obj
c:\basis\app\acme\basis\console.obj
c:\basis\app\acme\basis\ansi_file.obj
c:\basis\app\acme\basis\com.obj
c:\basis\app\acme\basis\build_debug.obj
c:\basis\app\acme\basis\hyperlink.obj
c:\basis\app\acme\basis\obj_typ_ctr.obj
c:\basis\app\acme\basis\key_sort_array.obj
c:\basis\app\acme\basis\string_array_base.obj
c:\basis\app\acme\basis\file_time.obj
c:\basis\app\acme\basis\geometry.obj
c:\basis\app\acme\basis\cvt.obj
c:\basis\app\acme\basis\number_double.obj
c:\basis\app\acme\basis\command.obj
c:\basis\app\acme\basis\handler.obj
c:\basis\app\acme\basis\memory_c.obj
c:\basis\app\acme\basis\runnable.obj
c:\basis\app\acme\basis\hex.obj
c:\basis\app\acme\basis\string_wide.obj
c:\basis\app\acme\basis\_unicode32.obj
c:\basis\app\acme\basis\file.obj
c:\basis\app\acme\basis\-overflow_ehrror.obj
c:\basis\app\acme\basis\const.obj
c:\basis\app\acme\basis\exit.obj
c:\basis\app\acme\basis\io.obj
c:\basis\app\acme\basis\os.obj
c:\basis\app\acme\basis\todo.obj
c:\basis\app\acme\basis\buffered_buffer.obj
c:\basis\app\acme\basis\item.obj
c:\basis\app\acme\basis\stdio_file.obj
c:\basis\app\acme\basis\colorref_array.obj
c:\basis\app\acme\basis\allocate_system_heap.obj
c:\basis\app\acme\basis\manual_reset_event.obj
c:\basis\app\acme\basis\socket_event.obj
c:\basis\app\acme\basis\waitable.obj
c:\basis\app\acme\basis\util.obj
c:\basis\app\acme\basis\language.obj
c:\basis\app\acme\basis\base.obj
c:\basis\app\acme\basis\fixed_alloc.obj
c:\basis\app\acme\basis\muldiv64.obj
c:\basis\app\acme\basis\trace_category.obj
c:\basis\app\acme\basis\event_map.obj
c:\basis\app\acme\basis\sort.obj
c:\basis\app\acme\basis\duration.obj
c:\basis\app\acme\basis\zonetime.obj
c:\basis\app\acme\basis\mkint_c.obj
c:\basis\app\acme\basis\value.obj
c:\basis\app\acme\basis\elemental.obj
c:\basis\app\acme\basis\property_set_composite.obj
c:\basis\app\acme\basis\var_element.obj
c:\basis\app\acme\basis\from_integer.obj
c:\basis\app\acme\basis\string_ansi.obj
c:\basis\app\acme\basis\x.obj
c:\basis\app\acme\basis\_unicode16_32.obj
c:\basis\app\acme\basis\archive_exception.obj
c:\basis\app\acme\basis\dump_floating_point.obj
c:\basis\app\acme\basis\interface_only.obj
c:\basis\app\acme\basis\not_installed.obj
c:\basis\app\acme\basis\standard_translator.obj
c:\basis\app\acme\basis\path.obj
c:\basis\app\acme\basis\dir.obj
c:\basis\app\acme\basis\seekable.obj
c:\basis\app\acme\basis\var_stream.obj
c:\basis\app\acme\basis\allocate_processor_cache_oriented.obj
c:\basis\app\acme\basis\heap_memdleak.obj
c:\basis\app\acme\basis\file_change_event.obj
c:\basis\app\acme\basis\pred_holder.obj
c:\basis\app\acme\basis\thread_impl.obj
c:\basis\app\acme\basis\error.obj
c:\basis\app\acme\basis\exception_engine.obj
c:\basis\app\acme\basis\time.obj
c:\basis\app\acme\basis\checked.obj
c:\basis\app\acme\basis\international.obj
c:\basis\app\acme\basis\profiler.obj
c:\basis\app\acme\basis\2d_array.obj
c:\basis\app\acme\basis\map_misc.obj
c:\basis\app\acme\basis\string_list.obj
c:\basis\app\acme\basis\file_time_span.obj
c:\basis\app\acme\basis\_c.obj
c:\basis\app\acme\basis\box.obj
c:\basis\app\acme\basis\number.obj
c:\basis\app\acme\basis\bit.obj
c:\basis\app\acme\basis\id.obj
c:\basis\app\acme\basis\memory_base.obj
c:\basis\app\acme\basis\traits.obj
c:\basis\app\acme\basis\ch.obj
c:\basis\app\acme\basis\manager.obj
c:\basis\app\acme\basis\strx.obj
c:\basis\app\acme\basis\_c_trait_wide.obj
c:\basis\app\acme\basis\exit_status.obj
c:\basis\app\acme\basis\-ehrror.obj
c:\basis\app\acme\basis\callstack.obj
c:\basis\app\acme\basis\invalid_handle.obj
c:\basis\app\acme\basis\operation_canceled.obj
c:\basis\app\acme\basis\void_implementation.obj
c:\basis\app\acme\basis\circular_buffer.obj
c:\basis\app\acme\basis\item_array.obj
c:\basis\app\acme\basis\stream.obj
c:\basis\app\acme\basis\heap.obj
c:\basis\app\acme\basis\plex_heap1.obj
c:\basis\app\acme\basis\procedure_array.obj
c:\basis\app\acme\basis\timer.obj
c:\basis\app\acme\basis\process.obj
c:\basis\app\acme\basis\_dll.obj
c:\basis\app\acme\basis\factory.obj
c:\basis\app\acme\basis\message_box.obj
c:\basis\app\acme\basis\static_start_aura.obj
c:\basis\app\acme\basis\bit_array.obj
c:\basis\app\acme\basis\numeric_array.obj
c:\basis\app\acme\basis\var_array.obj
c:\basis\app\acme\basis\rect.obj
c:\basis\app\acme\basis\cvt_g.obj
c:\basis\app\acme\basis\number_integer.obj
c:\basis\app\acme\basis\context_object_traits.obj
c:\basis\app\acme\basis\interlocked_long.obj
c:\basis\app\acme\basis\method.obj
c:\basis\app\acme\basis\task.obj
c:\basis\app\acme\basis\bstring.obj
c:\basis\app\acme\basis\string_wide_conversion.obj
c:\basis\app\acme\basis\_conv_ansi.obj
c:\basis\app\acme\basis\pipe.obj
c:\basis\app\acme\basis\idpool.obj
c:\basis\app\acme\basis\dump_output.obj
c:\basis\app\acme\basis\invalid_character.obj
c:\basis\app\acme\basis\not_supported.obj
c:\basis\app\acme\basis\throw.obj
c:\basis\app\acme\basis\binary_stream.obj
c:\basis\app\acme\basis\exception.obj
c:\basis\app\acme\basis\serializable.obj
c:\basis\app\acme\basis\allocation.obj
c:\basis\app\acme\basis\plex.obj
c:\basis\app\acme\basis\file_raw.obj
c:\basis\app\acme\basis\win.obj
c:\basis\app\acme\basis\internal.obj
c:\basis\app\acme\basis\multimedia.obj
c:\basis\app\acme\basis\thread.obj
c:\basis\app\acme\basis\display.obj
c:\basis\app\acme\basis\lparam.obj
c:\basis\app\acme\basis\regex.obj
c:\basis\app\acme\basis\array.obj
c:\basis\app\acme\basis\map_test_51778915.obj
c:\basis\app\acme\basis\string_to_string_map.obj
c:\basis\app\acme\basis\mktime.obj
c:\basis\app\acme\basis\point.obj
c:\basis\app\acme\basis\binary_operation.obj
c:\basis\app\acme\basis\number_float.obj
c:\basis\app\acme\basis\block.obj
c:\basis\app\acme\basis\id_space.obj
c:\basis\app\acme\basis\memory_container.obj
c:\basis\app\acme\basis\shared_memory.obj
c:\basis\app\acme\basis\base64.obj
c:\basis\app\acme\basis\simple.obj
c:\basis\app\acme\basis\sz.obj
c:\basis\app\acme\basis\_c_trait_ansi.obj
c:\basis\app\acme\basis\os_colors.obj
c:\basis\app\acme\basis\zip.obj
c:\basis\app\acme\basis\-range_ehrror.obj
c:\basis\app\acme\basis\dump.obj
c:\basis\app\acme\basis\hresult.obj
c:\basis\app\acme\basis\not_implemented.obj
c:\basis\app\acme\basis\listing.obj
c:\basis\app\acme\basis\cpp.obj
c:\basis\app\acme\basis\memory_map.obj
c:\basis\app\acme\basis\text_file.obj
c:\basis\app\acme\basis\alloc.obj
c:\basis\app\acme\basis\heap_mcrtdbg.obj
c:\basis\app\acme\basis\event.obj
c:\basis\app\acme\basis\single_lock.obj
c:\basis\app\acme\basis\thread_os.obj
c:\basis\app\acme\basis\file_std.obj
c:\basis\app\acme\basis\http.obj
c:\basis\app\acme\basis\main.obj
c:\basis\app\acme\basis\file_c.obj
c:\basis\app\acme\basis\exclusive.obj
c:\basis\app\acme\basis\math.obj
c:\basis\app\acme\basis\text.obj
c:\basis\app\acme\basis\class_sort_array.obj
c:\basis\app\acme\basis\point_array.obj
c:\basis\app\acme\basis\types.obj
c:\basis\app\acme\basis\scalar.obj
c:\basis\app\acme\basis\future.obj
c:\basis\app\acme\basis\match.obj
c:\basis\app\acme\basis\property_set_papaya.obj
c:\basis\app\acme\basis\var.obj
c:\basis\app\acme\basis\parse.obj
c:\basis\app\acme\basis\strw.obj
c:\basis\app\acme\basis\bidi_pipe.obj
c:\basis\app\acme\basis\memory_buffer.obj
c:\basis\app\acme\basis\-runtime_ehrror.obj
c:\basis\app\acme\basis\dump_context.obj
c:\basis\app\acme\basis\invalid_argument.obj
c:\basis\app\acme\basis\not_licensed.obj
c:\basis\app\acme\basis\temporary.obj
c:\basis\app\acme\basis\path_object.obj
c:\basis\app\acme\basis\dir2.obj
c:\basis\app\acme\basis\text_stream.obj
c:\basis\app\acme\basis\allocate_mid_big.obj
c:\basis\app\acme\basis\heap_mcheck.obj
c:\basis\app\acme\basis\critical_section.obj
c:\basis\app\acme\basis\mutex.obj
c:\basis\app\acme\basis\sync_lock.obj
c:\basis\app\acme\basis\lock.obj
c:\basis\app\acme\basis\unicode.obj
c:\basis\app\acme\basis\logic.obj
c:\basis\app\acme\basis\comparable_array.obj
c:\basis\app\acme\basis\rect_array.obj
c:\basis\app\acme\basis\var_strict.obj
c:\basis\app\acme\basis\time_span.obj
c:\basis\app\acme\basis\size.obj
c:\basis\app\acme\basis\int_biunique.obj
c:\basis\app\acme\basis\random_number_generator.obj
c:\basis\app\acme\basis\edit.obj
c:\basis\app\acme\basis\interlocked_long_pulse.obj
c:\basis\app\acme\basis\property.obj
c:\basis\app\acme\basis\type.obj
c:\basis\app\acme\basis\ch_class.obj
c:\basis\app\acme\basis\str.obj
c:\basis\app\acme\basis\tokenizer.obj
c:\basis\app\acme\basis\_unicode.obj
c:\basis\app\acme\basis\unzip.obj
c:\basis\app\acme\basis\-last_ehrror.obj
c:\basis\app\acme\basis\cancel.obj
c:\basis\app\acme\basis\invalid_index.obj
c:\basis\app\acme\basis\parsing.obj
c:\basis\app\acme\basis\user.obj
c:\basis\app\acme\basis\c.obj
c:\basis\app\acme\basis\serialize.obj
c:\basis\app\acme\basis\color.obj
c:\basis\app\acme\basis\allocate_x86_cache_oriented.obj
c:\basis\app\acme\basis\sync.obj
c:\basis\app\acme\basis\wait_future.obj
c:\basis\app\acme\basis\environment_variable.obj
c:\basis\app\acme\basis\simple_app.obj
c:\basis\app\acme\basis\aura_str_pool.obj
c:\basis\app\acme\basis\flags.obj
c:\basis\app\acme\basis\net.obj
c:\basis\app\acme\basis\version.obj
c:\basis\app\acme\basis\id_array.obj
c:\basis\app\acme\basis\stringl.obj
c:\basis\app\acme\basis\date_span.obj
c:\basis\app\acme\basis\location.obj
c:\basis\app\acme\basis\natural.obj
c:\basis\app\acme\basis\application_bias.obj
c:\basis\app\acme\basis\layered.obj
c:\basis\app\acme\basis\property_set.obj
c:\basis\app\acme\basis\virtual_memory.obj
c:\basis\app\acme\basis\dup.obj
c:\basis\app\acme\basis\stringtow.obj
c:\basis\app\acme\basis\to_integer.obj
c:\basis\app\acme\basis\_unicode16.obj
c:\basis\app\acme\basis\__matter_ca2.obj
c:\basis\app\acme\basis\sync_result.obj
c:\basis\app\acme\basis\windowing.obj
c:\basis\app\acme\basis\multi_lock.obj
c:\basis\app\acme\basis\static_start.obj
c:\basis\app\acme\basis\mq.obj
c:\basis\app\acme\basis\sync_array.obj
c:\basis\app\acme\basis\factory_exchange.obj
c:\basis\app\acme\basis\assert.obj
c:\basis\app\acme\basis\sockets.obj
c:\basis\app\acme\basis\simple_shell_launcher.obj
c:\basis\app\acme\basis\native_buffer.obj
c:\basis\app\acme\basis\platform\text.obj
c:\basis\app\acme\basis\platform\message_box.obj
c:\basis\app\acme\basis\platform\trace_category.obj
c:\basis\app\acme\basis\platform\version.obj
c:\basis\app\acme\basis\platform\_.obj
c:\basis\app\acme\basis\platform\static_start.obj
c:\basis\app\acme\basis\os\uwp\user.obj
c:\basis\app\acme\basis\os\uwp\sockets.obj
c:\basis\app\acme\basis\os\uwp\time.obj
c:\basis\app\acme\basis\graphics\draw2d\colorref_array.obj
c:\basis\app\acme\basis\graphics\draw2d\color.obj
c:\basis\app\acme\basis\graphics\draw2d\_.obj
c:\basis\app\acme\basis\vc142.pdb
c:\basis\app\acme\basis\vc142.idb
c:\basis\app\acme\basis\include\_.obj
c:\basis\app\acme\basis\memory\plex.obj
c:\basis\app\acme\basis\memory\allocate_x86_cache_oriented.obj
c:\basis\app\acme\basis\memory\allocate_processor_cache_oriented.obj
c:\basis\app\acme\basis\memory\allocate_system_heap.obj
c:\basis\app\acme\basis\memory\allocate_mid_big.obj
c:\basis\app\acme\basis\memory\alloc.obj
c:\basis\app\acme\basis\memory\allocation.obj
c:\basis\app\acme\basis\memory\plex_heap1.obj
c:\basis\app\acme\basis\memory\heap.obj
c:\basis\app\acme\basis\multithreading\critical_section.obj
c:\basis\app\acme\basis\multithreading\semaphore.obj
c:\basis\app\acme\basis\multithreading\sync_task.obj
c:\basis\app\acme\basis\multithreading\mq.obj
c:\basis\app\acme\basis\multithreading\sync_array.obj
c:\basis\app\acme\basis\multithreading\file_change_event.obj
c:\basis\app\acme\basis\multithreading\procedure_array.obj
c:\basis\app\acme\basis\multithreading\thread_impl.obj
c:\basis\app\acme\basis\multithreading\condition.obj
c:\basis\app\acme\basis\multithreading\pred_holder.obj
c:\basis\app\acme\basis\multithreading\sync_lock.obj
c:\basis\app\acme\basis\multithreading\event.obj
c:\basis\app\acme\basis\multithreading\socket_event.obj
c:\basis\app\acme\basis\multithreading\wait_future.obj
c:\basis\app\acme\basis\multithreading\manual_reset_event.obj
c:\basis\app\acme\basis\multithreading\mutex.obj
c:\basis\app\acme\basis\multithreading\sync_result.obj
c:\basis\app\acme\basis\multithreading\_.obj
c:\basis\app\acme\basis\multithreading\single_lock.obj
c:\basis\app\acme\basis\multithreading\thread_os.obj
c:\basis\app\acme\basis\multithreading\multi_lock.obj
c:\basis\app\acme\basis\multithreading\sync.obj
c:\basis\app\acme\basis\multithreading\waitable.obj
c:\basis\app\acme\basis\node\uwp\timer.obj
c:\basis\app\acme\basis\node\uwp\native_buffer.obj
c:\basis\app\acme\basis\node\uwp\factory_exchange.obj
c:\basis\app\acme\basis\node\uwp\util.obj
c:\basis\app\acme\basis\node\uwp\file.obj
c:\basis\app\acme\basis\node\uwp\error.obj
c:\basis\app\acme\basis\os\ansios\file.obj
c:\basis\app\acme\basis\os\ansios\user.obj
c:\basis\app\acme\basis\os\ansios\memory.obj
c:\basis\app\acme\basis\os\ansios\file_std.obj
c:\basis\app\acme\basis\os\ansios\file_raw.obj
c:\basis\app\acme\basis\os\ansios\win.obj
c:\basis\app\acme\basis\os\ansios\datetime.obj
c:\basis\app\acme\basis\os\ansios\language.obj
c:\basis\app\acme\basis\os\ansios\base.obj
c:\basis\app\acme\basis\os\ansios\exception_engine.obj
c:\basis\app\acme\basis\os\thread.obj
c:\basis\app\acme\basis\os\debug.obj
c:\basis\app\acme\basis\os\time.obj
c:\basis\app\acme\basis\os\http.obj
c:\basis\app\acme\basis\os\file.obj
c:\basis\app\acme\basis\os\process.obj
c:\basis\app\acme\basis\os\console.obj
c:\basis\app\acme\basis\os\windowing.obj
c:\basis\app\acme\basis\os\windows_common\base.obj
c:\basis\app\acme\basis\os\windows_common\thread.obj
c:\basis\app\acme\basis\os\windows_common\_dll.obj
c:\basis\app\acme\basis\os\windows_common\file_c.obj
c:\basis\app\acme\basis\os\windows_common\debug.obj
c:\basis\app\acme\basis\os\windows_common\com.obj
c:\basis\app\acme\basis\os\windows_common\bstring.obj
c:\basis\app\acme\basis\os\windows_common\unicode.obj
c:\basis\app\acme\basis\platform\assert.obj
c:\basis\app\acme\basis\os\uwp\file.obj
c:\basis\app\acme\basis\platform\factory.obj
c:\basis\app\acme\basis\platform\fixed_alloc.obj
c:\basis\app\acme\basis\platform\net.obj
c:\basis\app\acme\basis\platform\checked.obj
c:\basis\app\acme\basis\platform\hyperlink.obj
c:\basis\app\acme\basis\platform\obj_typ_ctr.obj
c:\basis\app\acme\basis\platform\aura_str_pool.obj
c:\basis\app\acme\basis\platform\flags.obj
c:\basis\app\acme\basis\platform\muldiv64.obj
c:\basis\app\acme\basis\platform\debug.obj
c:\basis\app\acme\basis\platform\math.obj
c:\basis\app\acme\basis\platform\build_debug.obj
c:\basis\app\acme\basis\platform\logic.obj
c:\basis\app\acme\basis\platform\regex.obj
c:\basis\app\acme\basis\platform\exclusive.obj
c:\basis\app\acme\basis\platform\lparam.obj
c:\basis\app\acme\basis\platform\static_start_aura.obj
c:\basis\app\acme\basis\platform\display.obj
c:\basis\app\acme\basis\platform\international.obj
c:\basis\app\acme\basis\platform\profiler.obj
c:\basis\app\acme\basis\primitive\collection\comparable_array.obj
c:\basis\app\acme\basis\primitive\collection\rect_array.obj
c:\basis\app\acme\basis\primitive\collection\string_to_string_map.obj
c:\basis\app\acme\basis\primitive\collection\id_array.obj
c:\basis\app\acme\basis\primitive\collection\map_test_51778915.obj
c:\basis\app\acme\basis\primitive\collection\key_sort_array.obj
c:\basis\app\acme\basis\primitive\collection\map_misc.obj
c:\basis\app\acme\basis\primitive\collection\class_sort_array.obj
c:\basis\app\acme\basis\primitive\collection\string_array_base.obj
c:\basis\app\acme\basis\primitive\collection\event_map.obj
c:\basis\app\acme\basis\primitive\collection\point_array.obj
c:\basis\app\acme\basis\primitive\collection\stringl.obj
c:\basis\app\acme\basis\primitive\collection\2d_array.obj
c:\basis\app\acme\basis\primitive\collection\numeric_array.obj
c:\basis\app\acme\basis\primitive\collection\var_array.obj
c:\basis\app\acme\basis\primitive\collection\bit_array.obj
c:\basis\app\acme\basis\primitive\collection\sort.obj
c:\basis\app\acme\basis\primitive\collection\array.obj
c:\basis\app\acme\basis\primitive\collection\string_list.obj
c:\basis\app\acme\basis\primitive\comparison\var_strict.obj
c:\basis\app\acme\basis\primitive\datetime\_c.obj
c:\basis\app\acme\basis\primitive\datetime\date_span.obj
c:\basis\app\acme\basis\primitive\datetime\file_time_span.obj
c:\basis\app\acme\basis\primitive\datetime\time_span.obj
c:\basis\app\acme\basis\primitive\datetime\datetime.obj
c:\basis\app\acme\basis\primitive\datetime\_.obj
c:\basis\app\acme\basis\primitive\datetime\zonetime.obj
c:\basis\app\acme\basis\primitive\datetime\file_time.obj
c:\basis\app\acme\basis\primitive\datetime\duration.obj
c:\basis\app\acme\basis\primitive\datetime\value.obj
c:\basis\app\acme\basis\primitive\datetime\mktime.obj
c:\basis\app\acme\basis\primitive\datetime\time.obj
c:\basis\app\acme\basis\primitive\geometry2d\geometry.obj
c:\basis\app\acme\basis\primitive\geometry2d\rect.obj
c:\basis\app\acme\basis\primitive\geometry2d\_.obj
c:\basis\app\acme\basis\primitive\geometry2d\types.obj
c:\basis\app\acme\basis\primitive\geometry2d\size.obj
c:\basis\app\acme\basis\primitive\geometry2d\point.obj
c:\basis\app\acme\basis\primitive\geometry3d\box.obj
c:\basis\app\acme\basis\primitive\geometry3d\location.obj
c:\basis\app\acme\basis\primitive\math\binary_operation.obj
c:\basis\app\acme\basis\primitive\math\int_biunique.obj
c:\basis\app\acme\basis\primitive\math\value.obj
c:\basis\app\acme\basis\primitive\math\natural.obj
c:\basis\app\acme\basis\primitive\math\random_number_generator.obj
c:\basis\app\acme\basis\primitive\math\cvt.obj
c:\basis\app\acme\basis\primitive\math\number_double.obj
c:\basis\app\acme\basis\primitive\math\cvt_g.obj
c:\basis\app\acme\basis\primitive\math\scalar.obj
c:\basis\app\acme\basis\primitive\math\number.obj
c:\basis\app\acme\basis\primitive\math\number_integer.obj
c:\basis\app\acme\basis\primitive\math\math.obj
c:\basis\app\acme\basis\primitive\math\mkint_c.obj
c:\basis\app\acme\basis\primitive\math\number_float.obj
c:\basis\app\acme\basis\primitive\primitive\_.obj
c:\basis\app\acme\basis\primitive\primitive\future.obj
c:\basis\app\acme\basis\primitive\primitive\match.obj
c:\basis\app\acme\basis\primitive\primitive\property_set_papaya.obj
c:\basis\app\acme\basis\primitive\primitive\virtual_memory.obj
c:\basis\app\acme\basis\primitive\primitive\elemental.obj
c:\basis\app\acme\basis\primitive\primitive\interlocked_long_pulse.obj
c:\basis\app\acme\basis\primitive\primitive\method.obj
c:\basis\app\acme\basis\primitive\primitive\traits.obj
c:\basis\app\acme\basis\primitive\primitive\context_object_traits.obj
c:\basis\app\acme\basis\primitive\primitive\id_space.obj
c:\basis\app\acme\basis\primitive\primitive\property_set.obj
c:\basis\app\acme\basis\primitive\primitive\var.obj
c:\basis\app\acme\basis\primitive\primitive\block.obj
c:\basis\app\acme\basis\primitive\primitive\handler.obj
c:\basis\app\acme\basis\primitive\primitive\memory_base.obj
c:\basis\app\acme\basis\primitive\primitive\shared_memory.obj
c:\basis\app\acme\basis\primitive\primitive\application_bias.obj
c:\basis\app\acme\basis\primitive\primitive\factory.obj
c:\basis\app\acme\basis\primitive\primitive\memory.obj
c:\basis\app\acme\basis\primitive\primitive\property_set_composite.obj
c:\basis\app\acme\basis\primitive\primitive\var_element.obj
c:\basis\app\acme\basis\primitive\primitive\command.obj
c:\basis\app\acme\basis\primitive\primitive\id.obj
c:\basis\app\acme\basis\primitive\primitive\memory_c.obj
c:\basis\app\acme\basis\primitive\primitive\runnable.obj
c:\basis\app\acme\basis\primitive\primitive\edit.obj
c:\basis\app\acme\basis\primitive\primitive\interlocked_long.obj
c:\basis\app\acme\basis\primitive\primitive\memory_container.obj
c:\basis\app\acme\basis\primitive\primitive\task.obj
c:\basis\app\acme\basis\primitive\primitive\bit.obj
c:\basis\app\acme\basis\primitive\primitive\layered.obj
c:\basis\app\acme\basis\primitive\primitive\property.obj
c:\basis\app\acme\basis\primitive\primitive\type.obj
c:\basis\app\acme\basis\primitive\string\_c.obj
c:\basis\app\acme\basis\primitive\string\base64.obj
c:\basis\app\acme\basis\primitive\string\parse.obj
c:\basis\app\acme\basis\primitive\string\sz.obj
c:\basis\app\acme\basis\primitive\string\_.obj
c:\basis\app\acme\basis\primitive\string\_unicode32.obj
c:\basis\app\acme\basis\primitive\string\manager.obj
c:\basis\app\acme\basis\primitive\string\strw.obj
c:\basis\app\acme\basis\primitive\string\_c_trait_ansi.obj
c:\basis\app\acme\basis\primitive\string\ch_class.obj
c:\basis\app\acme\basis\primitive\string\simple.obj
c:\basis\app\acme\basis\primitive\string\strx.obj
c:\basis\app\acme\basis\primitive\string\_c_trait_wide.obj
c:\basis\app\acme\basis\primitive\string\hex.obj
c:\basis\app\acme\basis\primitive\string\string_wide_conversion.obj
c:\basis\app\acme\basis\primitive\string\x.obj
c:\basis\app\acme\basis\primitive\string\_unicode16_32.obj
c:\basis\app\acme\basis\primitive\string\from_integer.obj
c:\basis\app\acme\basis\primitive\string\string_ansi.obj
c:\basis\app\acme\basis\primitive\string\to_integer.obj
c:\basis\app\acme\basis\primitive\string\_unicode.obj
c:\basis\app\acme\basis\primitive\string\dup.obj
c:\basis\app\acme\basis\primitive\string\str.obj
c:\basis\app\acme\basis\primitive\string\_conv_ansi.obj
c:\basis\app\acme\basis\primitive\string\ch.obj
c:\basis\app\acme\basis\primitive\string\string_wide.obj
c:\basis\app\acme\basis\primitive\string\tokenizer.obj
c:\basis\app\acme\basis\primitive\string\_unicode16.obj
c:\basis\app\acme\basis\primitive\string\bstring.obj
c:\basis\app\acme\basis\primitive\string\international.obj
c:\basis\app\acme\basis\primitive\string\stringtow.obj
c:\basis\app\acme\basis\process\bidi_pipe.obj
c:\basis\app\acme\basis\process\pipe.obj
c:\basis\app\acme\basis\process\exit_status.obj
c:\basis\app\acme\basis\user\os_colors.obj
c:\basis\app\acme\basis\acme.pch
c:\basis\app\acme\basis\framework.obj
c:\basis\app\acme\basis\compress\gz.obj
c:\basis\app\acme\basis\compress\zip\memory_buffer.obj
c:\basis\app\acme\basis\compress\zip\unzip.obj
c:\basis\app\acme\basis\compress\zip\file.obj
c:\basis\app\acme\basis\compress\zip\ioapi.obj
c:\basis\app\acme\basis\compress\zip\zip.obj
c:\basis\app\acme\basis\compress\zip\in_file.obj
c:\basis\app\acme\basis\compress\zip\api.obj
c:\basis\app\acme\basis\const\idpool.obj
c:\basis\app\acme\basis\exception\archive.obj
c:\basis\app\acme\basis\exception\cancel.obj
c:\basis\app\acme\basis\exception\exception_engine.obj
c:\basis\app\acme\basis\exception\invalid_handle.obj
c:\basis\app\acme\basis\exception\os.obj
c:\basis\app\acme\basis\exception\todo.obj
c:\basis\app\acme\basis\exception\-ehrror.obj
c:\basis\app\acme\basis\exception\const.obj
c:\basis\app\acme\basis\exception\exception.obj
c:\basis\app\acme\basis\exception\invalid_index.obj
c:\basis\app\acme\basis\exception\operation_canceled.obj
c:\basis\app\acme\basis\exception\user.obj
c:\basis\app\acme\basis\exception\-runtime_ehrror.obj
c:\basis\app\acme\basis\exception\dump_floating_point.obj
c:\basis\app\acme\basis\exception\invalid_character.obj
c:\basis\app\acme\basis\exception\not_supported.obj
c:\basis\app\acme\basis\exception\throw.obj
c:\basis\app\acme\basis\exception\-overflow_ehrror.obj
c:\basis\app\acme\basis\exception\debug.obj
c:\basis\app\acme\basis\exception\installing.obj
c:\basis\app\acme\basis\exception\not_installed.obj
c:\basis\app\acme\basis\exception\temporary.obj
c:\basis\app\acme\basis\exception\archive_exception.obj
c:\basis\app\acme\basis\exception\callstack.obj
c:\basis\app\acme\basis\exception\exit.obj
c:\basis\app\acme\basis\exception\io.obj
c:\basis\app\acme\basis\exception\parsing.obj
c:\basis\app\acme\basis\exception\void_implementation.obj
c:\basis\app\acme\basis\exception\-range_ehrror.obj
c:\basis\app\acme\basis\exception\dump_output.obj
c:\basis\app\acme\basis\exception\invalid_argument.obj
c:\basis\app\acme\basis\exception\not_licensed.obj
c:\basis\app\acme\basis\exception\standard_translator.obj
c:\basis\app\acme\basis\exception\-last_ehrror.obj
c:\basis\app\acme\basis\exception\dump_context.obj
c:\basis\app\acme\basis\exception\interface_only.obj
c:\basis\app\acme\basis\exception\not_implemented.obj
c:\basis\app\acme\basis\exception\simple.obj
c:\basis\app\acme\basis\exception\wtf.obj
c:\basis\app\acme\basis\exception\base.obj
c:\basis\app\acme\basis\exception\dump.obj
c:\basis\app\acme\basis\exception\hresult.obj
c:\basis\app\acme\basis\exception\memory.obj
c:\basis\app\acme\basis\exception\resource.obj
c:\basis\app\acme\basis\filesystem\filesystem\listing.obj
c:\basis\app\acme\basis\filesystem\filesystem\path.obj
c:\basis\app\acme\basis\filesystem\filesystem\path_object.obj
c:\basis\app\acme\basis\filesystem\file\circular_buffer.obj
c:\basis\app\acme\basis\filesystem\file\path.obj
c:\basis\app\acme\basis\filesystem\file\cpp.obj
c:\basis\app\acme\basis\filesystem\file\item_array.obj
c:\basis\app\acme\basis\filesystem\file\exception.obj
c:\basis\app\acme\basis\filesystem\file\serialize.obj
c:\basis\app\acme\basis\filesystem\file\dir2.obj
c:\basis\app\acme\basis\filesystem\file\item.obj
c:\basis\app\acme\basis\filesystem\file\serializable.obj
c:\basis\app\acme\basis\filesystem\file\binary_stream.obj
c:\basis\app\acme\basis\filesystem\file\memory_file.obj
c:\basis\app\acme\basis\filesystem\file\c.obj
c:\basis\app\acme\basis\filesystem\file\seekable.obj
c:\basis\app\acme\basis\filesystem\file\buffered_buffer.obj
c:\basis\app\acme\basis\filesystem\file\file.obj
c:\basis\app\acme\basis\w_acme.vcxprojassemblyreference.cache
c:\basis\platform-uwp\_seed\basis\w_acme\acme.pdb
c:\basis\app\acme\basis\acme.tlog\cl.command.1.tlog
c:\basis\app\acme\basis\acme.tlog\cl.read.1.tlog
c:\basis\app\acme\basis\acme.tlog\cl.write.1.tlog
c:\basis\app\acme\basis\acme.tlog\link.command.1.tlog
c:\basis\app\acme\basis\acme.tlog\link.delete.1.tlog
c:\basis\app\acme\basis\acme.tlog\link.read.1.tlog
c:\basis\app\acme\basis\acme.tlog\link.write.1.tlog
