  framework.cpp
  gz.cpp
  api.cpp
  file.cpp
  in_file.cpp
  ioapi.cpp
  memory_buffer.cpp
  unzip.cpp
  zip.cpp
  idpool.cpp
  -ehrror.cpp
  -last_ehrror.cpp
  -overflow_ehrror.cpp
  -range_ehrror.cpp
  -runtime_ehrror.cpp
  archive.cpp
  archive_exception.cpp
  base.cpp
  callstack.cpp
  cancel.cpp
  const.cpp
  debug.cpp
  dump.cpp
  dump_context.cpp
  dump_floating_point.cpp
  dump_output.cpp
  exception.cpp
  exception_engine.cpp
  exit.cpp
  hresult.cpp
  installing.cpp
  interface_only.cpp
  invalid_argument.cpp
  invalid_character.cpp
  invalid_handle.cpp
  invalid_index.cpp
  io.cpp
  memory.cpp
  not_implemented.cpp
  not_installed.cpp
  not_licensed.cpp
  not_supported.cpp
  operation_canceled.cpp
  os.cpp
  parsing.cpp
  resource.cpp
  simple.cpp
  standard_translator.cpp
  temporary.cpp
  throw.cpp
  todo.cpp
  user.cpp
  void_implementation.cpp
  wtf.cpp
  listing.cpp
  path.cpp
  path_object.cpp
  _.cpp
  binary_stream.cpp
  buffered_buffer.cpp
  c.cpp
  circular_buffer.cpp
  composite.cpp
  cpp.cpp
  dir.cpp
  dir2.cpp
  exception.cpp
  file.cpp
  item.cpp
  item_array.cpp
  memory_file.cpp
  memory_map.cpp
  path.cpp
  seekable.cpp
  serializable.cpp
  serialize.cpp
  stdio_file.cpp
  stream.cpp
  string_file.cpp
  text_file.cpp
  text_stream.cpp
  var_stream.cpp
  _.cpp
  color.cpp
  colorref_array.cpp
  _.cpp
  alloc.cpp
  allocate_mid_big.cpp
  allocate_processor_cache_oriented.cpp
  allocate_system_heap.cpp
  allocate_x86_cache_oriented.cpp
  allocation.cpp
  heap.cpp
  plex.cpp
  plex_heap1.cpp
  _.cpp
  condition.cpp
  critical_section.cpp
  event.cpp
  file_change_event.cpp
  manual_reset_event.cpp
  mq.cpp
  multi_lock.cpp
  mutex.cpp
  pred_holder.cpp
  procedure_array.cpp
  semaphore.cpp
  single_lock.cpp
  socket_event.cpp
  sync.cpp
  sync_array.cpp
  sync_lock.cpp
  sync_result.cpp
  sync_task.cpp
  thread.cpp
  thread_impl.cpp
  thread_os.cpp
  wait_future.cpp
  waitable.cpp
  error.cpp
  factory_exchange.cpp
  file.cpp
  file_find.cpp
  native_buffer.cpp
  timer.cpp
  util.cpp
  base.cpp
  datetime.cpp
  exception_engine.cpp
  file.cpp
  file_raw.cpp
  file_std.cpp
  language.cpp
  memory.cpp
  user.cpp
  win.cpp
  _.cpp
  console.cpp
  debug.cpp
  file.cpp
  http.cpp
  process.cpp
  thread.cpp
  time.cpp
  windowing.cpp
  crt.cpp
  crt_debug.cpp
  datetime.cpp
  error.cpp
  locale.cpp
  shared_memory.cpp
  thread_local_storage.cpp
  user.cpp
  windows.cpp
  _.cpp
  aura.cpp
  debug.cpp
  direct2d_tls.cpp
  dpi.cpp
  dummy_ipc.cpp
  exception_engine.cpp
  file.cpp
  file_memory_map.cpp
  graphics.cpp
  language.cpp
  lock.cpp
  main.cpp
  multithreading.cpp
  os_message_box.cpp
  process.cpp
  sockets.cpp
  time.cpp
  user.cpp
  _dll.cpp
  base.cpp
  bstring.cpp
  com.cpp
  debug.cpp
  file_c.cpp
  thread.cpp
  time.cpp
  unicode.cpp
  _.cpp
  assert.cpp
  aura_str_pool.cpp
  build_debug.cpp
  checked.cpp
  debug.cpp
  display.cpp
  exclusive.cpp
  factory.cpp
  fixed_alloc.cpp
  flags.cpp
  hyperlink.cpp
  international.cpp
  logic.cpp
  lparam.cpp
  math.cpp
  message_box.cpp
  muldiv64.cpp
  net.cpp
  obj_typ_ctr.cpp
  profiler.cpp
  regex.cpp
  static_start.cpp
  static_start_aura.cpp
  text.cpp
  trace_category.cpp
  version.cpp
  2d_array.cpp
  array.cpp
  bit_array.cpp
  class_sort_array.cpp
  comparable_array.cpp
  event_map.cpp
  id_array.cpp
  key_sort_array.cpp
  map_misc.cpp
  map_test_51778915.cpp
  numeric_array.cpp
  point_array.cpp
  rect_array.cpp
  sort.cpp
  string_array_base.cpp
  string_list.cpp
  string_to_string_map.cpp
  stringl.cpp
  var_array.cpp
  var_strict.cpp
  _.cpp
  _c.cpp
  date_span.cpp
  datetime.cpp
  duration.cpp
  file_time.cpp
  file_time_span.cpp
  mktime.cpp
  time.cpp
  time_span.cpp
  value.cpp
  zonetime.cpp
  _.cpp
  geometry.cpp
  point.cpp
  rect.cpp
  size.cpp
  types.cpp
  box.cpp
  location.cpp
  binary_operation.cpp
  cvt.cpp
  cvt_g.cpp
  int_biunique.cpp
  math.cpp
  mkint_c.cpp
  natural.cpp
  number.cpp
  number_double.cpp
  number_float.cpp
  number_integer.cpp
  random_number_generator.cpp
  scalar.cpp
  value.cpp
  _.cpp
  application_bias.cpp
  bit.cpp
  block.cpp
  command.cpp
  context_object_traits.cpp
  edit.cpp
  elemental.cpp
  factory.cpp
  future.cpp
  handler.cpp
  id.cpp
  id_space.cpp
  interlocked_long.cpp
  interlocked_long_pulse.cpp
  layered.cpp
  match.cpp
  memory.cpp
  memory_base.cpp
  memory_c.cpp
  memory_container.cpp
  method.cpp
  property.cpp
  property_set.cpp
  property_set_composite.cpp
  property_set_papaya.cpp
  runnable.cpp
  shared_memory.cpp
  task.cpp
  traits.cpp
  type.cpp
  var.cpp
  var_element.cpp
  virtual_memory.cpp
  _.cpp
  _c.cpp
  _c_trait_ansi.cpp
  _c_trait_wide.cpp
  _conv_ansi.cpp
  _unicode.cpp
  _unicode16.cpp
  _unicode16_32.cpp
  _unicode32.cpp
  base64.cpp
  bstring.cpp
  ch.cpp
  ch_class.cpp
  dup.cpp
  from_integer.cpp
  hex.cpp
  international.cpp
  manager.cpp
  parse.cpp
  simple.cpp
  str.cpp
  string_ansi.cpp
  string_wide.cpp
  string_wide_conversion.cpp
  stringtow.cpp
  strw.cpp
  strx.cpp
  sz.cpp
  to_integer.cpp
  tokenizer.cpp
  x.cpp
  bidi_pipe.cpp
  exit_status.cpp
  pipe.cpp
  os_colors.cpp
  _.cpp
  __matter_ca2.cpp
     Creating library C:\basis\platform-uwp\_seed\basis\w_acme\acme.lib and object C:\basis\platform-uwp\_seed\basis\w_acme\acme.exp
  w_acme.vcxproj -> C:\basis\platform-uwp\_seed\basis\w_acme\acme.dll
